<?xml version="1.0" encoding="UTF-8"?>
<!-- Generated by org.testng.reporters.JUnitReportReporter -->
<testsuite skipped="0" hostname="PureBook-S14" name="com.rcbteam.testcases.Testcase2_VerifyMinimumOneWicketKeeperInTeam" tests="1" failures="0" timestamp="16 Dec 2022 12:30:38 GMT" time="0.012" errors="0">
  <testcase name="test2_VerifyMinimumOneWicketKeeperInTeam" time="0.012" classname="com.rcbteam.testcases.Testcase2_VerifyMinimumOneWicketKeeperInTeam"/>
</testsuite> <!-- com.rcbteam.testcases.Testcase2_VerifyMinimumOneWicketKeeperInTeam -->
