<?xml version="1.0" encoding="UTF-8"?>
<!-- Generated by org.testng.reporters.JUnitReportReporter -->
<testsuite skipped="0" hostname="PureBook-S14" name="com.rcbteam.testcases.ValidateIPLTeam" tests="2" failures="0" timestamp="17 Dec 2022 11:10:41 GMT" time="0.005" errors="0">
  <testcase name="test1_verifyWicketKeeperCount" time="0.001" classname="com.rcbteam.testcases.ValidateIPLTeam"/>
  <testcase name="test1_verifyForeignPlayersCount" time="0.004" classname="com.rcbteam.testcases.ValidateIPLTeam"/>
</testsuite> <!-- com.rcbteam.testcases.ValidateIPLTeam -->
