<?xml version="1.0" encoding="UTF-8"?>
<!-- Generated by org.testng.reporters.JUnitReportReporter -->
<testsuite skipped="0" hostname="PureBook-S14" name="com.iplteam.testcases.Testcase1" tests="2" failures="0" timestamp="16 Dec 2022 12:17:52 GMT" time="0.012" errors="0">
  <testcase name="test1_verifyOnly4ForeighPlayersInTeam" time="0.011" classname="com.iplteam.testcases.Testcase1"/>
  <testcase name="test2_VerifyMinimumOneWicketKeeperInTeam" time="0.001" classname="com.iplteam.testcases.Testcase1"/>
</testsuite> <!-- com.iplteam.testcases.Testcase1 -->
